Using pre-set license
Built from '2021.1/staging' branch; Version is '2021.1.7f1 (d91830b65d9b) revision 14227504'; Using compiler version '192528614'; Build Type 'Release'
OS: 'Windows 10 Education; OS build 19041.1052; Version 2004; 64bit' Language: 'pt' Physical Memory: 16270 MB
BatchMode: 1, IsHumanControllingUs: 0, StartBugReporterOnCrash: 0, Is64bit: 1, IsPro: 0

 COMMAND LINE ARGUMENTS:
C:\Program Files\Unity\Hub\Editor\2021.1.7f1\Editor\Unity.exe
-adb2
-batchMode
-noUpm
-name
AssetImportWorker0
-projectPath
D:/Git/Projeto_Aru/Projeto_Aru
-logFile
Logs/AssetImportWorker0.log
-srvPort
56240
Successfully changed project path to: D:/Git/Projeto_Aru/Projeto_Aru
D:/Git/Projeto_Aru/Projeto_Aru
Using Asset Import Pipeline V2.
Refreshing native plugins compatible for Editor in 36.53 ms, found 1 plugins.
Preloading 0 native plugins for Editor in 0.00 ms.
Initialize engine version: 2021.1.7f1 (d91830b65d9b)
[Subsystems] Discovering subsystems at path C:/Program Files/Unity/Hub/Editor/2021.1.7f1/Editor/Data/Resources/UnitySubsystems
[Subsystems] Discovering subsystems at path D:/Git/Projeto_Aru/Projeto_Aru/Assets
GfxDevice: creating device client; threaded=0; jobified=0
Direct3D:
    Version:  Direct3D 11.0 [level 11.1]
    Renderer: Radeon RX 590 Series (ID=0x67df)
    Vendor:   ATI
    VRAM:     8171 MB
    Driver:   27.20.14535.3005
Initialize mono
Mono path[0] = 'C:/Program Files/Unity/Hub/Editor/2021.1.7f1/Editor/Data/Managed'
Mono path[1] = 'C:/Program Files/Unity/Hub/Editor/2021.1.7f1/Editor/Data/MonoBleedingEdge/lib/mono/unityjit'
Mono config path = 'C:/Program Files/Unity/Hub/Editor/2021.1.7f1/Editor/Data/MonoBleedingEdge/etc'
Using monoOptions --debugger-agent=transport=dt_socket,embedding=1,server=y,suspend=n,address=127.0.0.1:56928
Begin MonoManager ReloadAssembly
Registering precompiled unity dll's ...
Register platform support module: C:/Program Files/Unity/Hub/Editor/2021.1.7f1/Editor/Data/PlaybackEngines/WindowsStandaloneSupport/UnityEditor.WindowsStandalone.Extensions.dll
Registered in 0.001660 seconds.
Native extension for WindowsStandalone target not found
Refreshing native plugins compatible for Editor in 36.59 ms, found 1 plugins.
Preloading 0 native plugins for Editor in 0.00 ms.
Mono: successfully reloaded assembly
- Completed reload, in  0.982 seconds
Platform modules already initialized, skipping
Registering precompiled user dll's ...
Registered in 0.000994 seconds.
Begin MonoManager ReloadAssembly
Native extension for WindowsStandalone target not found
Refreshing native plugins compatible for Editor in 35.73 ms, found 1 plugins.
Preloading 0 native plugins for Editor in 0.00 ms.
Mono: successfully reloaded assembly
- Completed reload, in  1.547 seconds
Platform modules already initialized, skipping
========================================================================
Worker process is ready to serve import requests
Launched and connected shader compiler UnityShaderCompiler.exe after 0.17 seconds
Refreshing native plugins compatible for Editor in 0.40 ms, found 1 plugins.
Preloading 0 native plugins for Editor in 0.00 ms.
Unloading 2038 Unused Serialized files (Serialized files now loaded: 0)
System memory in use before: 95.1 MB.
System memory in use after: 95.0 MB.

Unloading 25 unused Assets to reduce memory usage. Loaded Objects now: 2497.
Total: 2.033200 ms (FindLiveObjects: 0.192600 ms CreateObjectMapping: 0.047200 ms MarkObjects: 1.675800 ms  DeleteObjects: 0.116500 ms)

========================================================================
Received Import Request.
  path: Assets/Prefabs/toxic_ball.prefab
  artifactKey: Guid(dd262599cac6cea4cb028fdc0fd8ec70) Importer(815301076,1909f56bfc062723c751e8b465ee728b)
Start importing Assets/Prefabs/toxic_ball.prefab using Guid(dd262599cac6cea4cb028fdc0fd8ec70) Importer(815301076,1909f56bfc062723c751e8b465ee728b)  -> (artifact id: '9624f9f03e80589cd7eabce3efada50d') in 0.087773 seconds 
========================================================================
Received Import Request.
  Time since last request: 0.000197 seconds.
  path: Assets/Prefabs/vida.prefab
  artifactKey: Guid(7c5a834b73b26a646bb9351d59bbf6e3) Importer(815301076,1909f56bfc062723c751e8b465ee728b)
Start importing Assets/Prefabs/vida.prefab using Guid(7c5a834b73b26a646bb9351d59bbf6e3) Importer(815301076,1909f56bfc062723c751e8b465ee728b)  -> (artifact id: 'ac1f877df58df2697911c06060999605') in 0.014659 seconds 
========================================================================
Received Import Request.
  Time since last request: 0.000183 seconds.
  path: Assets/Prefabs/Life.prefab
  artifactKey: Guid(64af43b067e2aa045a04edc295a0aeda) Importer(815301076,1909f56bfc062723c751e8b465ee728b)
Start importing Assets/Prefabs/Life.prefab using Guid(64af43b067e2aa045a04edc295a0aeda) Importer(815301076,1909f56bfc062723c751e8b465ee728b)  -> (artifact id: 'aaf0a1477894f638a6dffbff644394da') in 0.013326 seconds 
========================================================================
Received Import Request.
  Time since last request: 0.000152 seconds.
  path: Assets/Prefabs/ARU.prefab
  artifactKey: Guid(6074a6c5fbbdaa84f9a11b092947493c) Importer(815301076,1909f56bfc062723c751e8b465ee728b)
Start importing Assets/Prefabs/ARU.prefab using Guid(6074a6c5fbbdaa84f9a11b092947493c) Importer(815301076,1909f56bfc062723c751e8b465ee728b)  -> (artifact id: 'b9dff8bb64d235dd445303644146d0a5') in 0.016824 seconds 
========================================================================
Received Import Request.
  Time since last request: 0.000150 seconds.
  path: Assets/Prefabs/exit_flame.prefab
  artifactKey: Guid(09e5f7afb31dd4440a5b4275f08bf313) Importer(815301076,1909f56bfc062723c751e8b465ee728b)
Start importing Assets/Prefabs/exit_flame.prefab using Guid(09e5f7afb31dd4440a5b4275f08bf313) Importer(815301076,1909f56bfc062723c751e8b465ee728b)  -> (artifact id: '327dd4ad41bb00ea1982d3adeb0eb629') in 0.008322 seconds 
========================================================================
Received Import Request.
  Time since last request: 0.000201 seconds.
  path: Assets/Prefabs/coin.prefab
  artifactKey: Guid(31154f66c2949cd4aa2095bed9a815ea) Importer(815301076,1909f56bfc062723c751e8b465ee728b)
Start importing Assets/Prefabs/coin.prefab using Guid(31154f66c2949cd4aa2095bed9a815ea) Importer(815301076,1909f56bfc062723c751e8b465ee728b)  -> (artifact id: 'cd212f7f1d235332e874f2ee938190b1') in 0.013721 seconds 
========================================================================
Received Import Request.
  Time since last request: 0.000172 seconds.
  path: Assets/Prefabs/exit02.prefab
  artifactKey: Guid(a8930aecc3725c74b973c05eaf4c4442) Importer(815301076,1909f56bfc062723c751e8b465ee728b)
Start importing Assets/Prefabs/exit02.prefab using Guid(a8930aecc3725c74b973c05eaf4c4442) Importer(815301076,1909f56bfc062723c751e8b465ee728b)  -> (artifact id: 'e518febf677899da6b3042d0a38b6ef6') in 0.008406 seconds 
========================================================================
Received Import Request.
  Time since last request: 0.000275 seconds.
  path: Assets/Prefabs/Money_Bag.prefab
  artifactKey: Guid(ed598e57233c7a249b188b834ab8cc18) Importer(815301076,1909f56bfc062723c751e8b465ee728b)
Start importing Assets/Prefabs/Money_Bag.prefab using Guid(ed598e57233c7a249b188b834ab8cc18) Importer(815301076,1909f56bfc062723c751e8b465ee728b)  -> (artifact id: 'bae3cb1aba5d2dfd996697a6e114247c') in 0.014431 seconds 
========================================================================
Received Import Request.
  Time since last request: 0.000140 seconds.
  path: Assets/Prefabs/acid.prefab
  artifactKey: Guid(c38fcb582736c5a4aa7a64d76b14e18c) Importer(815301076,1909f56bfc062723c751e8b465ee728b)
Start importing Assets/Prefabs/acid.prefab using Guid(c38fcb582736c5a4aa7a64d76b14e18c) Importer(815301076,1909f56bfc062723c751e8b465ee728b)  -> (artifact id: '1cf28ee289735dd8c93d498c41f50c6d') in 0.014533 seconds 
========================================================================
Received Import Request.
  Time since last request: 0.000191 seconds.
  path: Assets/Prefabs/bubble_start_attack_.prefab
  artifactKey: Guid(f3dd63a185341d9439dbe5838b1ba01e) Importer(815301076,1909f56bfc062723c751e8b465ee728b)
Start importing Assets/Prefabs/bubble_start_attack_.prefab using Guid(f3dd63a185341d9439dbe5838b1ba01e) Importer(815301076,1909f56bfc062723c751e8b465ee728b)  -> (artifact id: '3863e50f0ce6bd6ada49f650adb37dd0') in 0.013944 seconds 
========================================================================
Received Import Request.
  Time since last request: 0.000174 seconds.
  path: Assets/Prefabs/flame_ball.prefab
  artifactKey: Guid(58a444eae8f90d548b861fc4372e6cce) Importer(815301076,1909f56bfc062723c751e8b465ee728b)
Start importing Assets/Prefabs/flame_ball.prefab using Guid(58a444eae8f90d548b861fc4372e6cce) Importer(815301076,1909f56bfc062723c751e8b465ee728b)  -> (artifact id: 'd37c72fdc305e2434102ed5309faea53') in 0.012313 seconds 
========================================================================
Received Import Request.
  Time since last request: 0.000171 seconds.
  path: Assets/Prefabs/geizer.prefab
  artifactKey: Guid(87635965aa90e20418f7233f4168ac7f) Importer(815301076,1909f56bfc062723c751e8b465ee728b)
Start importing Assets/Prefabs/geizer.prefab using Guid(87635965aa90e20418f7233f4168ac7f) Importer(815301076,1909f56bfc062723c751e8b465ee728b)  -> (artifact id: 'bf500200f55236bb68dc67a5f54045a0') in 0.011580 seconds 
========================================================================
Received Import Request.
  Time since last request: 0.000173 seconds.
  path: Assets/Prefabs/Canvas.prefab
  artifactKey: Guid(a3451337efaff01458ad49c40951df70) Importer(815301076,1909f56bfc062723c751e8b465ee728b)
Start importing Assets/Prefabs/Canvas.prefab using Guid(a3451337efaff01458ad49c40951df70) Importer(815301076,1909f56bfc062723c751e8b465ee728b)  -> (artifact id: '5ae8e2e4eef5c7e9ab4070e9e4d0dd86') in 0.025267 seconds 
========================================================================
Received Import Request.
  Time since last request: 0.000191 seconds.
  path: Assets/Prefabs/vidas.prefab
  artifactKey: Guid(96ce9ad2e1ce2754e915494d2de9f95e) Importer(815301076,1909f56bfc062723c751e8b465ee728b)
Start importing Assets/Prefabs/vidas.prefab using Guid(96ce9ad2e1ce2754e915494d2de9f95e) Importer(815301076,1909f56bfc062723c751e8b465ee728b)  -> (artifact id: 'df30f969d4308cab2827f407b641dbcf') in 0.019929 seconds 
========================================================================
Received Import Request.
  Time since last request: 0.000138 seconds.
  path: Assets/Prefabs/Colisor fundo.prefab
  artifactKey: Guid(9b43a3b16d3f7684498621ddeda40e3a) Importer(815301076,1909f56bfc062723c751e8b465ee728b)
Start importing Assets/Prefabs/Colisor fundo.prefab using Guid(9b43a3b16d3f7684498621ddeda40e3a) Importer(815301076,1909f56bfc062723c751e8b465ee728b)  -> (artifact id: 'c2e0ca0412817a766f0950ceb440c732') in 0.009098 seconds 
========================================================================
Received Import Request.
  Time since last request: 0.000159 seconds.
  path: Assets/Prefabs/Flame_walk.prefab
  artifactKey: Guid(02fead2aa96f4264ab8307ec774b2d96) Importer(815301076,1909f56bfc062723c751e8b465ee728b)
Start importing Assets/Prefabs/Flame_walk.prefab using Guid(02fead2aa96f4264ab8307ec774b2d96) Importer(815301076,1909f56bfc062723c751e8b465ee728b)  -> (artifact id: '956a47157bd1c4f284b15e4e7e5b9975') in 0.011257 seconds 
========================================================================
Received Import Request.
  Time since last request: 0.000149 seconds.
  path: Assets/Prefabs/Toxic.prefab
  artifactKey: Guid(dfc7788337b52bb42a40909edadd8dea) Importer(815301076,1909f56bfc062723c751e8b465ee728b)
Start importing Assets/Prefabs/Toxic.prefab using Guid(dfc7788337b52bb42a40909edadd8dea) Importer(815301076,1909f56bfc062723c751e8b465ee728b)  -> (artifact id: 'c9748d82775b428cae93cc1994338c05') in 0.011113 seconds 
========================================================================
Received Import Request.
  Time since last request: 0.000163 seconds.
  path: Assets/Prefabs/exit01.prefab
  artifactKey: Guid(a0f6ab541b736c44c9ff1d297635e8eb) Importer(815301076,1909f56bfc062723c751e8b465ee728b)
Start importing Assets/Prefabs/exit01.prefab using Guid(a0f6ab541b736c44c9ff1d297635e8eb) Importer(815301076,1909f56bfc062723c751e8b465ee728b)  -> (artifact id: '8bb002daaa9d890a5806c37cb896934e') in 0.006117 seconds 
========================================================================
Received Import Request.
  Time since last request: 0.000110 seconds.
  path: Assets/Prefabs/money.prefab
  artifactKey: Guid(1cd498c6ad6daf146bf7bb818c248134) Importer(815301076,1909f56bfc062723c751e8b465ee728b)
Start importing Assets/Prefabs/money.prefab using Guid(1cd498c6ad6daf146bf7bb818c248134) Importer(815301076,1909f56bfc062723c751e8b465ee728b)  -> (artifact id: '248c07744c28619f536e50469b66d7d8') in 0.011823 seconds 
========================================================================
Received Import Request.
  Time since last request: 0.000173 seconds.
  path: Assets/Prefabs/Flame_atc.prefab
  artifactKey: Guid(7abc4217fc592ed44994fc3947109ed5) Importer(815301076,1909f56bfc062723c751e8b465ee728b)
Start importing Assets/Prefabs/Flame_atc.prefab using Guid(7abc4217fc592ed44994fc3947109ed5) Importer(815301076,1909f56bfc062723c751e8b465ee728b)  -> (artifact id: '1b49f9167c2a4e6bbdd12b3069515993') in 0.012189 seconds 
========================================================================
Received Import Request.
  Time since last request: 0.000193 seconds.
  path: Assets/Prefabs/saw.prefab
  artifactKey: Guid(798a4d080605c93439c3d3207a3510c4) Importer(815301076,1909f56bfc062723c751e8b465ee728b)
Start importing Assets/Prefabs/saw.prefab using Guid(798a4d080605c93439c3d3207a3510c4) Importer(815301076,1909f56bfc062723c751e8b465ee728b)  -> (artifact id: '4310fbf6d40f41940e9834547f7fc128') in 0.011619 seconds 
========================================================================
Received Import Request.
  Time since last request: 6.060417 seconds.
  path: Assets/Scenes/Credits.unity
  artifactKey: Guid(8530a05f0e2598547891e12960fe59f7) Importer(815301076,1909f56bfc062723c751e8b465ee728b)
Start importing Assets/Scenes/Credits.unity using Guid(8530a05f0e2598547891e12960fe59f7) Importer(815301076,1909f56bfc062723c751e8b465ee728b)  -> (artifact id: 'd88f707dc33a29b675d9a390130669bb') in 0.002736 seconds 
========================================================================
Received Import Request.
  Time since last request: 34.863784 seconds.
  path: Assets/Sprites/BG/BG_Menu.jpg
  artifactKey: Guid(e059c7f8c9f93aa49b52138f3670b93d) Importer(815301076,1909f56bfc062723c751e8b465ee728b)
Start importing Assets/Sprites/BG/BG_Menu.jpg using Guid(e059c7f8c9f93aa49b52138f3670b93d) Importer(815301076,1909f56bfc062723c751e8b465ee728b)  -> (artifact id: '66fea26eee7685ec7a4a90e4d51bc1e5') in 0.062518 seconds 
========================================================================
Received Import Request.
  Time since last request: 0.000175 seconds.
  path: Assets/Sprites/BG/credits.png
  artifactKey: Guid(942007c8d1255ac47bbbaf6d294083ce) Importer(815301076,1909f56bfc062723c751e8b465ee728b)
Start importing Assets/Sprites/BG/credits.png using Guid(942007c8d1255ac47bbbaf6d294083ce) Importer(815301076,1909f56bfc062723c751e8b465ee728b)  -> (artifact id: '096f9393bbafa77c0961e7303d20516c') in 0.020599 seconds 
========================================================================
Received Import Request.
  Time since last request: 0.000126 seconds.
  path: Assets/Sprites/BG/title.png
  artifactKey: Guid(26b880795ea59a24b8035645cc93d890) Importer(815301076,1909f56bfc062723c751e8b465ee728b)
Start importing Assets/Sprites/BG/title.png using Guid(26b880795ea59a24b8035645cc93d890) Importer(815301076,1909f56bfc062723c751e8b465ee728b)  -> (artifact id: '90c9c179e8295d0df839a34a8cebafd7') in 0.010434 seconds 
========================================================================
Received Import Request.
  Time since last request: 173.652556 seconds.
  path: Assets/Script/MENU.cs
  artifactKey: Guid(700e4901e10b2f74d88f8bed3e027bcc) Importer(815301076,1909f56bfc062723c751e8b465ee728b)
Start importing Assets/Script/MENU.cs using Guid(700e4901e10b2f74d88f8bed3e027bcc) Importer(815301076,1909f56bfc062723c751e8b465ee728b)  -> (artifact id: '1accd5250a95b94492216d39d560e617') in 0.007731 seconds 
========================================================================
Received Prepare
Registering precompiled user dll's ...
Registered in 0.001161 seconds.
Begin MonoManager ReloadAssembly
Native extension for WindowsStandalone target not found
Refreshing native plugins compatible for Editor in 0.42 ms, found 1 plugins.
Preloading 0 native plugins for Editor in 0.00 ms.
Mono: successfully reloaded assembly
- Completed reload, in  0.707 seconds
Platform modules already initialized, skipping
Refreshing native plugins compatible for Editor in 0.40 ms, found 1 plugins.
Preloading 0 native plugins for Editor in 0.00 ms.
Unloading 2032 Unused Serialized files (Serialized files now loaded: 0)
System memory in use before: 113.3 MB.
System memory in use after: 113.3 MB.

Unloading 14 unused Assets to reduce memory usage. Loaded Objects now: 2560.
Total: 1.965500 ms (FindLiveObjects: 0.156200 ms CreateObjectMapping: 0.046500 ms MarkObjects: 1.674100 ms  DeleteObjects: 0.088000 ms)

========================================================================
Received Import Request.
  Time since last request: 85.621369 seconds.
  path: Assets/Script/MENU.cs
  artifactKey: Guid(700e4901e10b2f74d88f8bed3e027bcc) Importer(815301076,1909f56bfc062723c751e8b465ee728b)
Start importing Assets/Script/MENU.cs using Guid(700e4901e10b2f74d88f8bed3e027bcc) Importer(815301076,1909f56bfc062723c751e8b465ee728b)  -> (artifact id: 'ecf8e112d75fa8641856fe3252a03e56') in 0.004421 seconds 
========================================================================
Received Import Request.
  Time since last request: 13.284921 seconds.
  path: Assets/Samples/Cinemachine/2.7.4/Cinemachine Example Scenes/Shared/Models/UnityCharacter/Prefabs/3rdPersonController.prefab
  artifactKey: Guid(f9dee39d229a4bb4087224760ba2d338) Importer(815301076,1909f56bfc062723c751e8b465ee728b)
Start importing Assets/Samples/Cinemachine/2.7.4/Cinemachine Example Scenes/Shared/Models/UnityCharacter/Prefabs/3rdPersonController.prefab using Guid(f9dee39d229a4bb4087224760ba2d338) Importer(815301076,1909f56bfc062723c751e8b465ee728b)  -> (artifact id: 'b5daba61a992a59cc5f24e85fabee4a5') in 0.189790 seconds 
========================================================================
Received Import Request.
  Time since last request: 46.903477 seconds.
  path: Assets/Scenes/Menu.unity
  artifactKey: Guid(c8f13c0e38c0abb4ab012a1568000895) Importer(815301076,1909f56bfc062723c751e8b465ee728b)
Start importing Assets/Scenes/Menu.unity using Guid(c8f13c0e38c0abb4ab012a1568000895) Importer(815301076,1909f56bfc062723c751e8b465ee728b)  -> (artifact id: '1fc71f7cd793315f127088982df38ec4') in 0.002876 seconds 
========================================================================
Received Import Request.
  Time since last request: 15.017689 seconds.
  path: Assets/Scenes/Credits.unity
  artifactKey: Guid(8530a05f0e2598547891e12960fe59f7) Importer(815301076,1909f56bfc062723c751e8b465ee728b)
Start importing Assets/Scenes/Credits.unity using Guid(8530a05f0e2598547891e12960fe59f7) Importer(815301076,1909f56bfc062723c751e8b465ee728b)  -> (artifact id: '6d6e0ff0e7d13ce00a66356eff9503f6') in 0.002528 seconds 
========================================================================
Received Import Request.
  Time since last request: 65.357602 seconds.
  path: Assets/Fonts/GOTHAMBOLD.TTF
  artifactKey: Guid(789402d94df34fd45a1f262332a6615b) Importer(815301076,1909f56bfc062723c751e8b465ee728b)
Start importing Assets/Fonts/GOTHAMBOLD.TTF using Guid(789402d94df34fd45a1f262332a6615b) Importer(815301076,1909f56bfc062723c751e8b465ee728b)  -> (artifact id: '08e018059822fa4fd4c0d9efb1710dd3') in 0.059403 seconds 
========================================================================
Received Import Request.
  Time since last request: 0.000177 seconds.
  path: Assets/Fonts/SourceSansPro-Semibold.otf
  artifactKey: Guid(589218be9b1231e4299c92c3248fc408) Importer(815301076,1909f56bfc062723c751e8b465ee728b)
Start importing Assets/Fonts/SourceSansPro-Semibold.otf using Guid(589218be9b1231e4299c92c3248fc408) Importer(815301076,1909f56bfc062723c751e8b465ee728b)  -> (artifact id: '81d1c1b80103e33fe520d2284d6c93ba') in 0.045571 seconds 
========================================================================
Received Import Request.
  Time since last request: 0.000138 seconds.
  path: Assets/Fonts/GOTHAMLIGHT.TTF
  artifactKey: Guid(f17641e09e81d5445aac06bced208794) Importer(815301076,1909f56bfc062723c751e8b465ee728b)
Start importing Assets/Fonts/GOTHAMLIGHT.TTF using Guid(f17641e09e81d5445aac06bced208794) Importer(815301076,1909f56bfc062723c751e8b465ee728b)  -> (artifact id: '7abe3698dfae451e99303600b8f60181') in 0.014847 seconds 
========================================================================
Received Import Request.
  Time since last request: 0.000144 seconds.
  path: Assets/Fonts/GOTHAMMEDIUM.TTF
  artifactKey: Guid(38df014c111e459408293c9ab5b9c254) Importer(815301076,1909f56bfc062723c751e8b465ee728b)
Start importing Assets/Fonts/GOTHAMMEDIUM.TTF using Guid(38df014c111e459408293c9ab5b9c254) Importer(815301076,1909f56bfc062723c751e8b465ee728b)  -> (artifact id: '8b995fcba8ea369b1e501c1ef745056c') in 0.010377 seconds 
========================================================================
Received Prepare
Registering precompiled user dll's ...
Registered in 0.001075 seconds.
Begin MonoManager ReloadAssembly
Native extension for WindowsStandalone target not found
Refreshing native plugins compatible for Editor in 0.39 ms, found 1 plugins.
Preloading 0 native plugins for Editor in 0.00 ms.
Mono: successfully reloaded assembly
- Completed reload, in  0.707 seconds
Platform modules already initialized, skipping
Refreshing native plugins compatible for Editor in 0.40 ms, found 1 plugins.
Preloading 0 native plugins for Editor in 0.00 ms.
Unloading 2033 Unused Serialized files (Serialized files now loaded: 0)
System memory in use before: 115.4 MB.
System memory in use after: 115.4 MB.

Unloading 13 unused Assets to reduce memory usage. Loaded Objects now: 2662.
Total: 2.047300 ms (FindLiveObjects: 0.192600 ms CreateObjectMapping: 0.049400 ms MarkObjects: 1.699600 ms  DeleteObjects: 0.104500 ms)

AssetImportWorkerClient::OnTransportError - code=2 error=End of file
